app/seeds.txt
com.grocery.food.Model.User: java.lang.String password
com.grocery.food.Model.Noti: java.lang.String id
com.grocery.food.Model.Productinfo: java.lang.String mProductImage
com.grocery.food.Activity.FirstActivity
com.grocery.food.Model.SubCategory: java.lang.String mResponseMsg
com.grocery.food.Activity.HomeActivity_ViewBinding
com.grocery.food.Adepter.ItemAdp$ViewHolder_ViewBinding
com.grocery.food.retrofit.UserService
com.grocery.food.Model.Productinfo: java.lang.String mProductWeight
com.grocery.food.Model.User: java.lang.String pincode
com.grocery.food.Model.User: java.lang.String hno
com.grocery.food.Activity.MyOrderListActivity_ViewBinding
com.grocery.food.Model.BannerItem
com.grocery.food.Activity.SingActivity_ViewBinding: SingActivity_ViewBinding(com.grocery.food.Activity.SingActivity,android.view.View)
com.grocery.food.Activity.SingActivity
com.grocery.food.Activity.PopRatesActivity_ViewBinding
com.grocery.food.Model.ResNoti: java.lang.String responseCode
com.grocery.food.Model.Times: java.lang.String mResult
com.grocery.food.Activity.RatesActivity
com.grocery.food.Model.ProductItem: java.lang.String mShortDesc
com.grocery.food.Activity.AddressActivity
com.grocery.food.Activity.ForgotActivity_ViewBinding: ForgotActivity_ViewBinding(com.grocery.food.Activity.ForgotActivity,android.view.View)
com.grocery.food.Model.Noti
com.grocery.food.Model.User: java.lang.String pin
com.grocery.food.Activity.AddressActivity_ViewBinding: AddressActivity_ViewBinding(com.grocery.food.Activity.AddressActivity,android.view.View)
com.grocery.food.Model.Noti: java.lang.String Title
com.grocery.food.Model.ResultHome: java.util.List productItems
com.grocery.food.Model.AreaD: java.lang.String id
com.grocery.food.Activity.FeedBackActivity
com.grocery.food.Model.SubcatItem: java.lang.String mImg
com.grocery.food.Fragment.HomeFragment_ViewBinding
com.grocery.food.Activity.InfoActivity
com.grocery.food.Activity.SelectAreaActivity_ViewBinding: SelectAreaActivity_ViewBinding(com.grocery.food.Activity.SelectAreaActivity,android.view.View)
com.grocery.food.Activity.OrderSummaryActivity_ViewBinding
com.grocery.food.Activity.NotificationDetailsActivity_ViewBinding: NotificationDetailsActivity_ViewBinding(com.grocery.food.Activity.NotificationDetailsActivity,android.view.View)
com.grocery.food.Model.BannerItem: java.lang.String mId
com.grocery.food.Activity.ForgotActivity: ForgotActivity()
com.grocery.food.Model.LoginUser
com.grocery.food.Activity.NotificationDetailsActivity: NotificationDetailsActivity()
com.grocery.food.Activity.LoginActivity_ViewBinding
com.grocery.food.Activity.NotificationActivity
com.grocery.food.Model.ReadNoti: java.lang.String mResult
com.grocery.food.Model.Category: java.lang.String mResponseMsg
com.grocery.food.Model.User: java.lang.String rdate
com.grocery.food.Adepter.ReletedItemAdp$ViewHolder_ViewBinding
com.grocery.food.Adepter.ReletedItemAllAdp$ViewHolder_ViewBinding: ReletedItemAllAdp$ViewHolder_ViewBinding(com.grocery.food.Adepter.ReletedItemAllAdp$ViewHolder,android.view.View)
com.grocery.food.Model.Home: java.lang.String mResponseCode
com.grocery.food.Activity.OrderSummaryActivity
com.grocery.food.Activity.FeedBackActivity: FeedBackActivity()
com.grocery.food.Fragment.CategoryFragment_ViewBinding
com.grocery.food.Fragment.MyOrderFragment_ViewBinding: MyOrderFragment_ViewBinding(com.grocery.food.Fragment.MyOrderFragment,android.view.View)
com.grocery.food.Model.TimeDatum: java.lang.String mMintime
com.grocery.food.Model.User: java.lang.String society
com.grocery.food.Model.Product: java.lang.String mResponseCode
com.grocery.food.MainActivity
com.grocery.food.Fragment.SubCategoryFragment_ViewBinding
com.grocery.food.Activity.ForgotActivity
com.grocery.food.Activity.DeliveryTimeActivity: void onViewClicked(android.view.View)
com.grocery.food.Activity.PopRatesActivity
com.grocery.food.Activity.SelectAreaActivity: SelectAreaActivity()
...
com.google.android.material.R$attr: int closeIconVisible
androidx.recyclerview.widget.RecyclerView: int getMaxFlingVelocity()
com.google.android.material.R$dimen: int design_navigation_item_icon_padding
com.razorpay.PluginCheckoutInteractor
com.google.android.material.R$styleable: int MaterialAlertDialog_backgroundInsetStart
com.merhold.extensiblepageindicator.R$styleable: int AppCompatTheme_searchViewStyle
com.razorpay.RzpAssist: void copyToClipboard(java.lang.String)
com.google.android.gms.measurement.internal.AppMeasurementDynamiteService: void getUserProperties(java.lang.String,java.lang.String,boolean,com.google.android.gms.internal.measurement.zzn)
com.razorpay.Q$$U_: com.razorpay.Q$$U_ a_$P$
com.razorpay.O_$B_: java.lang.String b__J_()
com.razorpay.R$attr: int windowMinWidthMajor
com.razorpay.Y$_o$: void setCheckoutBody(java.lang.String)
com.razorpay.AnalyticsConstants: java.lang.String MERCHANT_PASSED_APP
com.razorpay.AnalyticsConstants: java.lang.String RZPASSIST_SOURCE
androidx.appcompat.R$styleable: int AppCompatTheme_radioButtonStyle
com.razorpay.R$styleable: int Toolbar_contentInsetRight
androidx.appcompat.R$styleable: int CompoundButton_buttonTint
com.google.android.material.R$color: int mtrl_navigation_item_text_color
androidx.appcompat.R$attr: int iconifiedByDefault
com.razorpay.R$styleable: int AppCompatTheme_actionMenuTextColor
com.razorpay.R$dimen: int compat_control_corner_material
com.google.android.material.R$styleable: int AlertDialog_buttonPanelSideLayout
com.google.android.material.R$styleable: int Chip_chipIconVisible
com.google.android.gms.internal.measurement.zzbj$zzd: int zzc
com.google.android.material.R$dimen: int design_bottom_navigation_shadow_height
butterknife.R$dimen: int notification_big_circle_margin
com.razorpay.R$drawable: int abc_btn_borderless_material
com.google.android.material.R$dimen: int design_navigation_max_width
com.google.android.gms.measurement.AppMeasurement$ConditionalUserProperty: java.lang.String mName
androidx.appcompat.R$style: int Base_Widget_AppCompat_ListView
com.google.android.material.R$styleable: int MaterialCardView_shapeAppearance
androidx.appcompat.R$style: int Base_Widget_AppCompat_Button_ButtonBar_AlertDialog
com.google.android.material.R$attr: int actionTextColorAlpha
com.razorpay.R$styleable: int TextAppearance_android_fontFamily
com.google.android.material.button.MaterialButton: void setRippleColorResource(int)
androidx.appcompat.widget.MenuPopupWindow$MenuDropDownListView: void setSelector(android.graphics.drawable.Drawable)
androidx.recyclerview.R$styleable: int FontFamilyFont_android_fontWeight
com.google.android.material.R$style: int Widget_AppCompat_PopupMenu
androidx.appcompat.R$styleable: int DrawerArrowToggle_barLength
androidx.core.R$dimen: int notification_right_side_padding_top
com.google.android.material.R$style: int Widget_AppCompat_ActionButton_Overflow
com.google.android.material.R$style: int Base_TextAppearance_AppCompat
com.google.android.material.R$color: int notification_action_color_filter
androidx.recyclerview.widget.RecyclerView: int getItemDecorationCount()
com.razorpay.AnalyticsEvent: com.razorpay.AnalyticsEvent CHECKOUT_SUBMIT
androidx.appcompat.resources.R$styleable: int FontFamilyFont_android_font
androidx.recyclerview.widget.RecyclerView: int[] mMinMaxLayoutPositions
com.google.android.material.R$id: int tag_unhandled_key_listeners
com.google.android.gms.internal.measurement.zzbr$zzd: int zzc
com.google.android.material.R$style: int Base_TextAppearance_AppCompat_Body2
androidx.appcompat.resources.R$styleable: int FontFamilyFont_android_fontVariationSettings
com.google.android.material.R$style: int Widget_MaterialComponents_MaterialCalendar_HeaderSelection
com.google.android.material.chip.Chip: void setCloseIconResource(int)
com.google.android.material.R$dimen: int abc_action_button_min_width_overflow_material
com.google.android.material.R$attr: int itemShapeInsetEnd