app/unused.txt
com.grocery.food.Activity.FeedBackActivity_ViewBinding:
    public void <init>(com.grocery.food.Activity.FeedBackActivity)
com.grocery.food.Activity.DeliveryTimeActivity:
    private void Chacktimecunditioin()
com.grocery.food.R$integer
com.grocery.food.Model.RestResponse:
    public java.lang.String getResponseCode()
    public void setResponseCode(java.lang.String)
    public void setResponseMsg(java.lang.String)
    public void setResult(java.lang.String)
com.grocery.food.Model.Price:
    public void setProductPrice(java.lang.String)
    public void setProductType(java.lang.String)
com.grocery.food.Model.SubCategory:
    public void setData(java.util.List)
    public java.lang.String getResponseCode()
    public void setResponseCode(java.lang.String)
    public java.lang.String getResponseMsg()
    public void setResponseMsg(java.lang.String)
    public java.lang.String getResult()
    public void setResult(java.lang.String)
com.grocery.food.R$drawable
com.grocery.food.Model.ReadNoti:
    public void setRemainNotification(int)
    public java.lang.String getResponseCode()
    public void setResponseCode(java.lang.String)
    public java.lang.String getResponseMsg()
    public void setResponseMsg(java.lang.String)
    public java.lang.String getResult()
    public void setResult(java.lang.String)
com.grocery.food.R$animator
com.grocery.food.Adepter.ReletedItemAdp$3
com.grocery.food.Adepter.ItemAdp:
    void setClickListener(com.grocery.food.Adepter.ItemAdp$ItemClickListener)
com.grocery.food.Utils.ImageLoader
com.grocery.food.Activity.HomeActivity_ViewBinding:
    public void <init>(com.grocery.food.Activity.HomeActivity)
com.grocery.food.retrofit.APIClient:
    public void <init>()
    public static final java.lang.String Append_URL
com.grocery.food.R$mipmap
com.grocery.food.Activity.MyOrderListActivity_ViewBinding:
    public void <init>(com.grocery.food.Activity.MyOrderListActivity)
com.grocery.food.R$anim
com.grocery.food.Activity.DeliveryTimeActivity_ViewBinding:
    public void <init>(com.grocery.food.Activity.DeliveryTimeActivity)
com.grocery.food.Model.User:
    public void setId(java.lang.String)
    public void setName(java.lang.String)
    public java.lang.String getImei()
    public void setImei(java.lang.String)
    public void setEmail(java.lang.String)
    public void setMobile(java.lang.String)
    public void setPassword(java.lang.String)
    public void setLandmark(java.lang.String)
    public void setPincode(java.lang.String)
    public void setArea(java.lang.String)
    public void setSociety(java.lang.String)
    public void setHno(java.lang.String)
    public java.lang.String getStatus()
    public void setStatus(java.lang.String)
    public java.lang.String getRdate()
    public void setRdate(java.lang.String)
    public java.lang.String getPin()
    public void setPin(java.lang.String)
com.grocery.food.Utils.ImageLoader$PhotoToLoad
com.grocery.food.Model.Times:
    public void setData(java.util.List)
    public java.lang.String getResponseCode()
    public void setResponseCode(java.lang.String)
    public java.lang.String getResponseMsg()
    public void setResponseMsg(java.lang.String)
    public java.lang.String getResult()
    public void setResult(java.lang.String)
com.grocery.food.Model.ProductItem:
    public void setmDiscount(int)
    public void setId(java.lang.String)
    public void setPrice(java.util.ArrayList)
    public void setProductImage(java.lang.String)
    public void setProductName(java.lang.String)
    public void setSellerName(java.lang.String)
    public void setShortDesc(java.lang.String)
    public java.lang.String getStock()
    public void setStock(java.lang.String)
...
androidx.transition.ObjectAnimatorUtils
com.bumptech.glide.load.model.stream.HttpUriLoader:
    public com.bumptech.glide.load.model.ModelLoader$LoadData buildLoadData(android.net.Uri,int,int,com.bumptech.glide.load.Options)
    public boolean handles(android.net.Uri)
com.google.android.material.elevation.ElevationOverlayProvider:
    public int compositeOverlayIfNeeded(int,float)
    public int compositeOverlay(int,float)
    public float calculateOverlayAlphaFraction(float)
    public boolean isThemeElevationOverlayEnabled()
    public final boolean isThemeSurfaceColor(int)
com.bumptech.glide.load.data.FileDescriptorAssetPathFetcher:
    public android.os.ParcelFileDescriptor loadResource(android.content.res.AssetManager,java.lang.String)
    public void close(android.os.ParcelFileDescriptor)
com.google.android.material.floatingactionbutton.FloatingActionButton:
    public static synthetic int access$000(com.google.android.material.floatingactionbutton.FloatingActionButton)
    public static void <clinit>()
    public void show(com.google.android.material.floatingactionbutton.FloatingActionButton$OnVisibilityChangedListener)
    public void hide(com.google.android.material.floatingactionbutton.FloatingActionButton$OnVisibilityChangedListener)
    public void getMeasuredContentRect(android.graphics.Rect)
    public final com.google.android.material.floatingactionbutton.FloatingActionButtonImpl$InternalVisibilityChangedListener wrapOnVisibilityChangedListener(com.google.android.material.floatingactionbutton.FloatingActionButton$OnVisibilityChangedListener)
    public final void offsetRectWithShadow(android.graphics.Rect)
    public final com.google.android.material.floatingactionbutton.FloatingActionButtonImpl createImpl()
    public int maxImageSize
    public final android.graphics.Rect touchArea
    public final androidx.appcompat.widget.AppCompatImageHelper imageHelper
    public final com.google.android.material.expandable.ExpandableWidgetHelper expandableWidgetHelper
    public static final int DEF_STYLE_RES
com.google.android.gms.measurement.internal.zzfo:
    public static synthetic java.lang.String zza(com.google.android.gms.measurement.internal.zzfo)
okhttp3.Request$Builder:
    public okhttp3.Request$Builder removeHeader(java.lang.String)
    public okhttp3.Request$Builder headers(okhttp3.Headers)
com.bumptech.glide.disklrucache.DiskLruCache:
    public static synthetic java.io.Writer access$100(com.bumptech.glide.disklrucache.DiskLruCache)
    public static synthetic void access$200(com.bumptech.glide.disklrucache.DiskLruCache)
    public static synthetic boolean access$300(com.bumptech.glide.disklrucache.DiskLruCache)
    public static synthetic void access$400(com.bumptech.glide.disklrucache.DiskLruCache)
    public static synthetic int access$502(com.bumptech.glide.disklrucache.DiskLruCache,int)
    public static synthetic int access$1900(com.bumptech.glide.disklrucache.DiskLruCache)
    public static synthetic java.io.File access$2000(com.bumptech.glide.disklrucache.DiskLruCache)
    public static synthetic void access$2100(com.bumptech.glide.disklrucache.DiskLruCache,com.bumptech.glide.disklrucache.DiskLruCache$Editor,boolean)
    public com.bumptech.glide.disklrucache.DiskLruCache$Editor edit(java.lang.String)
    public void delete()
androidx.constraintlayout.solver.widgets.Guideline:
    public int getOrientation()
    public void setGuidePercent(float)
    public void setGuideBegin(int)
    public void setGuideEnd(int)
    public int mMinimumPosition
    public androidx.constraintlayout.solver.widgets.Rectangle mHead
    public int mHeadSize
com.onesignal.OSDynamicTriggerController$2
com.google.gson.internal.bind.TypeAdapters$36
androidx.appcompat.view.menu.ExpandedMenuView:
    public int mAnimations